Build started 1/25/2019 9:17:33 AM.
     1>Project "c:\Users\NEP\documents\visual studio 2010\Projects\UAScoursenet\UAScoursenet\UAScoursenet.vcxproj" on node 2 (build target(s)).
     1>InitializeBuildStatus:
         Creating "Debug\UAScoursenet.unsuccessfulbuild" because "AlwaysCreate" was specified.
       ClCompile:
         C:\Program Files (x86)\Microsoft Visual Studio 10.0\VC\bin\CL.exe /c /ZI /nologo /W3 /WX- /Od /Oy- /D _MBCS /Gm /EHsc /RTC1 /MDd /GS /fp:precise /Zc:wchar_t /Zc:forScope /Fo"Debug\\" /Fd"Debug\vc100.pdb" /Gd /TP /analyze- /errorReport:prompt 2.cpp
         2.cpp
     1>c:\users\nep\documents\visual studio 2010\projects\uascoursenet\uascoursenet\2.cpp(7): warning C4996: 'scanf': This function or variable may be unsafe. Consider using scanf_s instead. To disable deprecation, use _CRT_SECURE_NO_WARNINGS. See online help for details.
                 c:\program files (x86)\microsoft visual studio 10.0\vc\include\stdio.h(304) : see declaration of 'scanf'
     1>c:\users\nep\documents\visual studio 2010\projects\uascoursenet\uascoursenet\2.cpp(13): warning C4996: 'scanf': This function or variable may be unsafe. Consider using scanf_s instead. To disable deprecation, use _CRT_SECURE_NO_WARNINGS. See online help for details.
                 c:\program files (x86)\microsoft visual studio 10.0\vc\include\stdio.h(304) : see declaration of 'scanf'
     1>c:\users\nep\documents\visual studio 2010\projects\uascoursenet\uascoursenet\2.cpp(15): warning C4996: 'strrev': The POSIX name for this item is deprecated. Instead, use the ISO C++ conformant name: _strrev. See online help for details.
                 c:\program files (x86)\microsoft visual studio 10.0\vc\include\string.h(250) : see declaration of 'strrev'
     1>c:\users\nep\documents\visual studio 2010\projects\uascoursenet\uascoursenet\2.cpp(16): warning C4996: 'strrev': The POSIX name for this item is deprecated. Instead, use the ISO C++ conformant name: _strrev. See online help for details.
                 c:\program files (x86)\microsoft visual studio 10.0\vc\include\string.h(250) : see declaration of 'strrev'
     1>c:\users\nep\documents\visual studio 2010\projects\uascoursenet\uascoursenet\2.cpp(18): warning C4018: '<' : signed/unsigned mismatch
     1>c:\users\nep\documents\visual studio 2010\projects\uascoursenet\uascoursenet\2.cpp(20): warning C4018: '<' : signed/unsigned mismatch
     1>c:\users\nep\documents\visual studio 2010\projects\uascoursenet\uascoursenet\2.cpp(35): warning C4996: 'strrev': The POSIX name for this item is deprecated. Instead, use the ISO C++ conformant name: _strrev. See online help for details.
                 c:\program files (x86)\microsoft visual studio 10.0\vc\include\string.h(250) : see declaration of 'strrev'
     1>c:\users\nep\documents\visual studio 2010\projects\uascoursenet\uascoursenet\2.cpp(36): warning C4018: '<' : signed/unsigned mismatch
       Link:
         C:\Program Files (x86)\Microsoft Visual Studio 10.0\VC\bin\link.exe /ERRORREPORT:PROMPT /OUT:"c:\users\nep\documents\visual studio 2010\Projects\UAScoursenet\Debug\UAScoursenet.exe" /NOLOGO kernel32.lib user32.lib gdi32.lib winspool.lib comdlg32.lib advapi32.lib shell32.lib ole32.lib oleaut32.lib uuid.lib odbc32.lib odbccp32.lib /MANIFEST /ManifestFile:"Debug\UAScoursenet.exe.intermediate.manifest" /MANIFESTUAC:"level='asInvoker' uiAccess='false'" /DEBUG /PDB:"c:\users\nep\documents\visual studio 2010\Projects\UAScoursenet\Debug\UAScoursenet.pdb" /TLBID:1 /DYNAMICBASE /NXCOMPAT /IMPLIB:"c:\users\nep\documents\visual studio 2010\Projects\UAScoursenet\Debug\UAScoursenet.lib" /MACHINE:X86 Debug\2.obj
         LINK : c:\users\nep\documents\visual studio 2010\Projects\UAScoursenet\Debug\UAScoursenet.exe not found or not built by the last incremental link; performing full link
         UAScoursenet.vcxproj -> c:\users\nep\documents\visual studio 2010\Projects\UAScoursenet\Debug\UAScoursenet.exe
       Manifest:
         C:\Program Files (x86)\Microsoft SDKs\Windows\v7.0A\bin\mt.exe /nologo /verbose /outputresource:"c:\users\nep\documents\visual studio 2010\Projects\UAScoursenet\Debug\UAScoursenet.exe;#1" /manifest Debug\UAScoursenet.exe.intermediate.manifest
       FinalizeBuildStatus:
         Deleting file "Debug\UAScoursenet.unsuccessfulbuild".
         Touching "Debug\UAScoursenet.lastbuildstate".
     1>Done Building Project "c:\Users\NEP\documents\visual studio 2010\Projects\UAScoursenet\UAScoursenet\UAScoursenet.vcxproj" (build target(s)).

Build succeeded.

Time Elapsed 00:00:01.41
