Build started 11/5/2018 2:12:53 PM.
     1>Project "c:\Users\NEP\documents\visual studio 2010\Projects\Atisa\Atisa\Atisa.vcxproj" on node 2 (build target(s)).
     1>InitializeBuildStatus:
         Touching "Debug\Atisa.unsuccessfulbuild".
       GenerateTargetFrameworkMonikerAttribute:
       Skipping target "GenerateTargetFrameworkMonikerAttribute" because all output files are up-to-date with respect to the input files.
       ClCompile:
         C:\Program Files (x86)\Microsoft Visual Studio 10.0\VC\bin\CL.exe /c /AI"C:\Program Files (x86)\Reference Assemblies\Microsoft\Framework\.NETFramework\v4.0" /Zi /clr /nologo /W3 /WX- /Od /Oy- /D WIN32 /D _DEBUG /D _UNICODE /D UNICODE /EHa /MDd /GS /fp:precise /Zc:wchar_t /Zc:forScope /Fo"Debug\\" /Fd"Debug\vc100.pdb" /TP /FU"C:\Program Files (x86)\Reference Assemblies\Microsoft\Framework\.NETFramework\v4.0\System.Core.dll" /analyze- /errorReport:prompt Atisa.cpp /clr:nostdlib 
         Atisa.cpp
         All outputs are up-to-date.
       Link:
         C:\Program Files (x86)\Microsoft Visual Studio 10.0\VC\bin\link.exe /ERRORREPORT:PROMPT /OUT:"c:\users\nep\documents\visual studio 2010\Projects\Atisa\Debug\Atisa.exe" /INCREMENTAL /NOLOGO /MANIFEST /ManifestFile:"Debug\Atisa.exe.intermediate.manifest" /MANIFESTUAC:"level='asInvoker' uiAccess='false'" /DEBUG /PDB:"c:\users\nep\documents\visual studio 2010\Projects\Atisa\Debug\Atisa.pdb" /ASSEMBLYDEBUG /TLBID:1 /DYNAMICBASE /FIXED:NO /NXCOMPAT /MACHINE:X86 Debug\Atisa.obj
         "Debug\.NETFramework,Version=v4.0.AssemblyAttributes.obj"
         Atisa.vcxproj -> c:\users\nep\documents\visual studio 2010\Projects\Atisa\Debug\Atisa.exe
       Manifest:
         C:\Program Files (x86)\Microsoft SDKs\Windows\v7.0A\bin\mt.exe /nologo /verbose /outputresource:"c:\users\nep\documents\visual studio 2010\Projects\Atisa\Debug\Atisa.exe;#1" /manifest Debug\Atisa.exe.intermediate.manifest
       FinalizeBuildStatus:
         Deleting file "Debug\Atisa.unsuccessfulbuild".
         Touching "Debug\Atisa.lastbuildstate".
     1>Done Building Project "c:\Users\NEP\documents\visual studio 2010\Projects\Atisa\Atisa\Atisa.vcxproj" (build target(s)).

Build succeeded.

Time Elapsed 00:00:02.08
