Build started 12/17/2018 8:10:58 AM.
     1>Project "c:\Users\NEP\documents\visual studio 2010\Projects\JOkopunya\JOkopunya\JOkopunya.vcxproj" on node 2 (build target(s)).
     1>InitializeBuildStatus:
         Touching "Debug\JOkopunya.unsuccessfulbuild".
       ClCompile:
         C:\Program Files (x86)\Microsoft Visual Studio 10.0\VC\bin\CL.exe /c /ZI /nologo /W3 /WX- /Od /Oy- /D _MBCS /Gm /EHsc /RTC1 /MDd /GS /fp:precise /Zc:wchar_t /Zc:forScope /Fo"Debug\\" /Fd"Debug\vc100.pdb" /Gd /TP /analyze- /errorReport:prompt aslab.cpp
         aslab.cpp
     1>c:\users\nep\documents\visual studio 2010\projects\jokopunya\jokopunya\aslab.cpp(11): warning C4996: 'scanf': This function or variable may be unsafe. Consider using scanf_s instead. To disable deprecation, use _CRT_SECURE_NO_WARNINGS. See online help for details.
                 c:\program files (x86)\microsoft visual studio 10.0\vc\include\stdio.h(304) : see declaration of 'scanf'
     1>c:\users\nep\documents\visual studio 2010\projects\jokopunya\jokopunya\aslab.cpp(15): warning C4996: 'fopen': This function or variable may be unsafe. Consider using fopen_s instead. To disable deprecation, use _CRT_SECURE_NO_WARNINGS. See online help for details.
                 c:\program files (x86)\microsoft visual studio 10.0\vc\include\stdio.h(234) : see declaration of 'fopen'
     1>c:\users\nep\documents\visual studio 2010\projects\jokopunya\jokopunya\aslab.cpp(18): warning C4996: 'fscanf': This function or variable may be unsafe. Consider using fscanf_s instead. To disable deprecation, use _CRT_SECURE_NO_WARNINGS. See online help for details.
                 c:\program files (x86)\microsoft visual studio 10.0\vc\include\stdio.h(253) : see declaration of 'fscanf'
     1>c:\users\nep\documents\visual studio 2010\projects\jokopunya\jokopunya\aslab.cpp(26): warning C4996: 'fopen': This function or variable may be unsafe. Consider using fopen_s instead. To disable deprecation, use _CRT_SECURE_NO_WARNINGS. See online help for details.
                 c:\program files (x86)\microsoft visual studio 10.0\vc\include\stdio.h(234) : see declaration of 'fopen'
     1>c:\users\nep\documents\visual studio 2010\projects\jokopunya\jokopunya\aslab.cpp(30): warning C4996: 'fopen': This function or variable may be unsafe. Consider using fopen_s instead. To disable deprecation, use _CRT_SECURE_NO_WARNINGS. See online help for details.
                 c:\program files (x86)\microsoft visual studio 10.0\vc\include\stdio.h(234) : see declaration of 'fopen'
     1>c:\users\nep\documents\visual studio 2010\projects\jokopunya\jokopunya\aslab.cpp(37): warning C4996: 'fcloseall': The POSIX name for this item is deprecated. Instead, use the ISO C++ conformant name: _fcloseall. See online help for details.
                 c:\program files (x86)\microsoft visual studio 10.0\vc\include\stdio.h(720) : see declaration of 'fcloseall'
       Link:
         C:\Program Files (x86)\Microsoft Visual Studio 10.0\VC\bin\link.exe /ERRORREPORT:PROMPT /OUT:"c:\users\nep\documents\visual studio 2010\Projects\JOkopunya\Debug\JOkopunya.exe" /NOLOGO kernel32.lib user32.lib gdi32.lib winspool.lib comdlg32.lib advapi32.lib shell32.lib ole32.lib oleaut32.lib uuid.lib odbc32.lib odbccp32.lib /MANIFEST /ManifestFile:"Debug\JOkopunya.exe.intermediate.manifest" /MANIFESTUAC:"level='asInvoker' uiAccess='false'" /DEBUG /PDB:"c:\users\nep\documents\visual studio 2010\Projects\JOkopunya\Debug\JOkopunya.pdb" /TLBID:1 /DYNAMICBASE /NXCOMPAT /IMPLIB:"c:\users\nep\documents\visual studio 2010\Projects\JOkopunya\Debug\JOkopunya.lib" /MACHINE:X86 Debug\aslab.obj
         LINK : c:\users\nep\documents\visual studio 2010\Projects\JOkopunya\Debug\JOkopunya.exe not found or not built by the last incremental link; performing full link
         JOkopunya.vcxproj -> c:\users\nep\documents\visual studio 2010\Projects\JOkopunya\Debug\JOkopunya.exe
       Manifest:
         C:\Program Files (x86)\Microsoft SDKs\Windows\v7.0A\bin\mt.exe /nologo /verbose /outputresource:"c:\users\nep\documents\visual studio 2010\Projects\JOkopunya\Debug\JOkopunya.exe;#1" /manifest Debug\JOkopunya.exe.intermediate.manifest
       FinalizeBuildStatus:
         Deleting file "Debug\JOkopunya.unsuccessfulbuild".
         Touching "Debug\JOkopunya.lastbuildstate".
     1>Done Building Project "c:\Users\NEP\documents\visual studio 2010\Projects\JOkopunya\JOkopunya\JOkopunya.vcxproj" (build target(s)).

Build succeeded.

Time Elapsed 00:00:03.62
