Build started 10/30/2018 6:54:59 PM.
     1>Project "C:\Users\NEP\documents\visual studio 2010\Projects\Multiply\Multiply\Multiply.vcxproj" on node 2 (build target(s)).
     1>InitializeBuildStatus:
         Creating "Debug\Multiply.unsuccessfulbuild" because "AlwaysCreate" was specified.
       ClCompile:
         C:\Program Files (x86)\Microsoft Visual Studio 10.0\VC\bin\CL.exe /c /ZI /nologo /W3 /WX- /Od /Oy- /D _MBCS /Gm /EHsc /RTC1 /MDd /GS /fp:precise /Zc:wchar_t /Zc:forScope /Fo"Debug\\" /Fd"Debug\vc100.pdb" /Gd /TP /analyze- /errorReport:prompt Multiply.cpp
         Multiply.cpp
     1>c:\users\nep\documents\visual studio 2010\projects\multiply\multiply\multiply.cpp(6): warning C4996: 'scanf': This function or variable may be unsafe. Consider using scanf_s instead. To disable deprecation, use _CRT_SECURE_NO_WARNINGS. See online help for details.
                 c:\program files (x86)\microsoft visual studio 10.0\vc\include\stdio.h(304) : see declaration of 'scanf'
     1>c:\users\nep\documents\visual studio 2010\projects\multiply\multiply\multiply.cpp(10): warning C4996: 'scanf': This function or variable may be unsafe. Consider using scanf_s instead. To disable deprecation, use _CRT_SECURE_NO_WARNINGS. See online help for details.
                 c:\program files (x86)\microsoft visual studio 10.0\vc\include\stdio.h(304) : see declaration of 'scanf'
     1>c:\users\nep\documents\visual studio 2010\projects\multiply\multiply\multiply.cpp(18): warning C4996: 'scanf': This function or variable may be unsafe. Consider using scanf_s instead. To disable deprecation, use _CRT_SECURE_NO_WARNINGS. See online help for details.
                 c:\program files (x86)\microsoft visual studio 10.0\vc\include\stdio.h(304) : see declaration of 'scanf'
       Link:
         C:\Program Files (x86)\Microsoft Visual Studio 10.0\VC\bin\link.exe /ERRORREPORT:PROMPT /OUT:"C:\Users\NEP\documents\visual studio 2010\Projects\Multiply\Debug\Multiply.exe" /NOLOGO kernel32.lib user32.lib gdi32.lib winspool.lib comdlg32.lib advapi32.lib shell32.lib ole32.lib oleaut32.lib uuid.lib odbc32.lib odbccp32.lib /MANIFEST /ManifestFile:"Debug\Multiply.exe.intermediate.manifest" /MANIFESTUAC:"level='asInvoker' uiAccess='false'" /DEBUG /PDB:"C:\Users\NEP\documents\visual studio 2010\Projects\Multiply\Debug\Multiply.pdb" /TLBID:1 /DYNAMICBASE /NXCOMPAT /IMPLIB:"C:\Users\NEP\documents\visual studio 2010\Projects\Multiply\Debug\Multiply.lib" /MACHINE:X86 Debug\Multiply.obj
         LINK : C:\Users\NEP\documents\visual studio 2010\Projects\Multiply\Debug\Multiply.exe not found or not built by the last incremental link; performing full link
         Multiply.vcxproj -> C:\Users\NEP\documents\visual studio 2010\Projects\Multiply\Debug\Multiply.exe
       Manifest:
         C:\Program Files (x86)\Microsoft SDKs\Windows\v7.0A\bin\mt.exe /nologo /verbose /outputresource:"C:\Users\NEP\documents\visual studio 2010\Projects\Multiply\Debug\Multiply.exe;#1" /manifest Debug\Multiply.exe.intermediate.manifest
       FinalizeBuildStatus:
         Deleting file "Debug\Multiply.unsuccessfulbuild".
         Touching "Debug\Multiply.lastbuildstate".
     1>Done Building Project "C:\Users\NEP\documents\visual studio 2010\Projects\Multiply\Multiply\Multiply.vcxproj" (build target(s)).

Build succeeded.

Time Elapsed 00:00:02.38
