Build started 11/29/2018 4:20:07 PM.
     1>Project "c:\Users\NEP\documents\visual studio 2010\Projects\Good\Good\Good.vcxproj" on node 2 (build target(s)).
     1>InitializeBuildStatus:
         Creating "Debug\Good.unsuccessfulbuild" because "AlwaysCreate" was specified.
       ClCompile:
         C:\Program Files (x86)\Microsoft Visual Studio 10.0\VC\bin\CL.exe /c /ZI /nologo /W3 /WX- /Od /Oy- /D _MBCS /Gm /EHsc /RTC1 /MDd /GS /fp:precise /Zc:wchar_t /Zc:forScope /Fo"Debug\\" /Fd"Debug\vc100.pdb" /Gd /TP /analyze- /errorReport:prompt good.cpp
         good.cpp
     1>c:\users\nep\documents\visual studio 2010\projects\good\good\good.cpp(6): warning C4996: 'scanf': This function or variable may be unsafe. Consider using scanf_s instead. To disable deprecation, use _CRT_SECURE_NO_WARNINGS. See online help for details.
                 c:\program files (x86)\microsoft visual studio 10.0\vc\include\stdio.h(304) : see declaration of 'scanf'
     1>c:\users\nep\documents\visual studio 2010\projects\good\good\good.cpp(14): warning C4996: 'gets': This function or variable may be unsafe. Consider using gets_s instead. To disable deprecation, use _CRT_SECURE_NO_WARNINGS. See online help for details.
                 c:\program files (x86)\microsoft visual studio 10.0\vc\include\stdio.h(277) : see declaration of 'gets'
     1>c:\users\nep\documents\visual studio 2010\projects\good\good\good.cpp(16): warning C4018: '<=' : signed/unsigned mismatch
     1>c:\users\nep\documents\visual studio 2010\projects\good\good\good.cpp(20): warning C4018: '<=' : signed/unsigned mismatch
       Link:
         C:\Program Files (x86)\Microsoft Visual Studio 10.0\VC\bin\link.exe /ERRORREPORT:PROMPT /OUT:"c:\users\nep\documents\visual studio 2010\Projects\Good\Debug\Good.exe" /NOLOGO kernel32.lib user32.lib gdi32.lib winspool.lib comdlg32.lib advapi32.lib shell32.lib ole32.lib oleaut32.lib uuid.lib odbc32.lib odbccp32.lib /MANIFEST /ManifestFile:"Debug\Good.exe.intermediate.manifest" /MANIFESTUAC:"level='asInvoker' uiAccess='false'" /DEBUG /PDB:"c:\users\nep\documents\visual studio 2010\Projects\Good\Debug\Good.pdb" /TLBID:1 /DYNAMICBASE /NXCOMPAT /IMPLIB:"c:\users\nep\documents\visual studio 2010\Projects\Good\Debug\Good.lib" /MACHINE:X86 Debug\good.obj
         LINK : c:\users\nep\documents\visual studio 2010\Projects\Good\Debug\Good.exe not found or not built by the last incremental link; performing full link
         Good.vcxproj -> c:\users\nep\documents\visual studio 2010\Projects\Good\Debug\Good.exe
       Manifest:
         C:\Program Files (x86)\Microsoft SDKs\Windows\v7.0A\bin\mt.exe /nologo /verbose /outputresource:"c:\users\nep\documents\visual studio 2010\Projects\Good\Debug\Good.exe;#1" /manifest Debug\Good.exe.intermediate.manifest
       FinalizeBuildStatus:
         Deleting file "Debug\Good.unsuccessfulbuild".
         Touching "Debug\Good.lastbuildstate".
     1>Done Building Project "c:\Users\NEP\documents\visual studio 2010\Projects\Good\Good\Good.vcxproj" (build target(s)).

Build succeeded.

Time Elapsed 00:00:01.25
