Build started 1/23/2019 5:10:23 PM.
     1>Project "C:\Users\NEP\documents\visual studio 2010\Projects\Quiz9\Quiz9\Quiz9.vcxproj" on node 2 (build target(s)).
     1>InitializeBuildStatus:
         Creating "Debug\Quiz9.unsuccessfulbuild" because "AlwaysCreate" was specified.
       ClCompile:
         C:\Program Files (x86)\Microsoft Visual Studio 10.0\VC\bin\CL.exe /c /ZI /nologo /W3 /WX- /Od /Oy- /D _MBCS /Gm /EHsc /RTC1 /MDd /GS /fp:precise /Zc:wchar_t /Zc:forScope /Fo"Debug\\" /Fd"Debug\vc100.pdb" /Gd /TP /analyze- /errorReport:prompt J.cpp
         J.cpp
     1>c:\users\nep\documents\visual studio 2010\projects\quiz9\quiz9\j.cpp(6): warning C4996: 'scanf': This function or variable may be unsafe. Consider using scanf_s instead. To disable deprecation, use _CRT_SECURE_NO_WARNINGS. See online help for details.
                 c:\program files (x86)\microsoft visual studio 10.0\vc\include\stdio.h(304) : see declaration of 'scanf'
     1>c:\users\nep\documents\visual studio 2010\projects\quiz9\quiz9\j.cpp(11): warning C4996: 'scanf': This function or variable may be unsafe. Consider using scanf_s instead. To disable deprecation, use _CRT_SECURE_NO_WARNINGS. See online help for details.
                 c:\program files (x86)\microsoft visual studio 10.0\vc\include\stdio.h(304) : see declaration of 'scanf'
     1>c:\users\nep\documents\visual studio 2010\projects\quiz9\quiz9\j.cpp(27): warning C4996: 'scanf': This function or variable may be unsafe. Consider using scanf_s instead. To disable deprecation, use _CRT_SECURE_NO_WARNINGS. See online help for details.
                 c:\program files (x86)\microsoft visual studio 10.0\vc\include\stdio.h(304) : see declaration of 'scanf'
       Link:
         C:\Program Files (x86)\Microsoft Visual Studio 10.0\VC\bin\link.exe /ERRORREPORT:PROMPT /OUT:"C:\Users\NEP\documents\visual studio 2010\Projects\Quiz9\Debug\Quiz9.exe" /NOLOGO kernel32.lib user32.lib gdi32.lib winspool.lib comdlg32.lib advapi32.lib shell32.lib ole32.lib oleaut32.lib uuid.lib odbc32.lib odbccp32.lib /MANIFEST /ManifestFile:"Debug\Quiz9.exe.intermediate.manifest" /MANIFESTUAC:"level='asInvoker' uiAccess='false'" /DEBUG /PDB:"C:\Users\NEP\documents\visual studio 2010\Projects\Quiz9\Debug\Quiz9.pdb" /TLBID:1 /DYNAMICBASE /NXCOMPAT /IMPLIB:"C:\Users\NEP\documents\visual studio 2010\Projects\Quiz9\Debug\Quiz9.lib" /MACHINE:X86 Debug\A.obj
         Debug\B.obj
         Debug\F.obj
         Debug\G.obj
         Debug\I.obj
         Debug\J.obj
         LINK : C:\Users\NEP\documents\visual studio 2010\Projects\Quiz9\Debug\Quiz9.exe not found or not built by the last incremental link; performing full link
         Quiz9.vcxproj -> C:\Users\NEP\documents\visual studio 2010\Projects\Quiz9\Debug\Quiz9.exe
       Manifest:
         C:\Program Files (x86)\Microsoft SDKs\Windows\v7.0A\bin\mt.exe /nologo /verbose /outputresource:"C:\Users\NEP\documents\visual studio 2010\Projects\Quiz9\Debug\Quiz9.exe;#1" /manifest Debug\Quiz9.exe.intermediate.manifest
       FinalizeBuildStatus:
         Deleting file "Debug\Quiz9.unsuccessfulbuild".
         Touching "Debug\Quiz9.lastbuildstate".
     1>Done Building Project "C:\Users\NEP\documents\visual studio 2010\Projects\Quiz9\Quiz9\Quiz9.vcxproj" (build target(s)).

Build succeeded.

Time Elapsed 00:00:02.19
