Build started 10/31/2018 2:53:12 AM.
     1>Project "c:\Users\NEP\documents\visual studio 2010\Projects\PDM Sequential\PDM Sequential\PDM Sequential.vcxproj" on node 2 (build target(s)).
     1>PrepareForBuild:
         Creating directory "c:\users\nep\documents\visual studio 2010\Projects\PDM Sequential\Debug\".
       InitializeBuildStatus:
         Creating "Debug\PDM Sequential.unsuccessfulbuild" because "AlwaysCreate" was specified.
       ClCompile:
         C:\Program Files (x86)\Microsoft Visual Studio 10.0\VC\bin\CL.exe /c /ZI /nologo /W3 /WX- /Od /Oy- /D _MBCS /Gm /EHsc /RTC1 /MDd /GS /fp:precise /Zc:wchar_t /Zc:forScope /Fo"Debug\\" /Fd"Debug\vc100.pdb" /Gd /TP /analyze- /errorReport:prompt sequential.cpp
         sequential.cpp
     1>c:\users\nep\documents\visual studio 2010\projects\pdm sequential\pdm sequential\sequential.cpp(7): warning C4996: 'scanf': This function or variable may be unsafe. Consider using scanf_s instead. To disable deprecation, use _CRT_SECURE_NO_WARNINGS. See online help for details.
                 c:\program files (x86)\microsoft visual studio 10.0\vc\include\stdio.h(304) : see declaration of 'scanf'
     1>c:\users\nep\documents\visual studio 2010\projects\pdm sequential\pdm sequential\sequential.cpp(15): warning C4244: '=' : conversion from 'double' to 'float', possible loss of data
       Link:
         C:\Program Files (x86)\Microsoft Visual Studio 10.0\VC\bin\link.exe /ERRORREPORT:PROMPT /OUT:"c:\users\nep\documents\visual studio 2010\Projects\PDM Sequential\Debug\PDM Sequential.exe" /NOLOGO kernel32.lib user32.lib gdi32.lib winspool.lib comdlg32.lib advapi32.lib shell32.lib ole32.lib oleaut32.lib uuid.lib odbc32.lib odbccp32.lib /MANIFEST /ManifestFile:"Debug\PDM Sequential.exe.intermediate.manifest" /MANIFESTUAC:"level='asInvoker' uiAccess='false'" /DEBUG /PDB:"c:\users\nep\documents\visual studio 2010\Projects\PDM Sequential\Debug\PDM Sequential.pdb" /TLBID:1 /DYNAMICBASE /NXCOMPAT /IMPLIB:"c:\users\nep\documents\visual studio 2010\Projects\PDM Sequential\Debug\PDM Sequential.lib" /MACHINE:X86 Debug\sequential.obj
         PDM Sequential.vcxproj -> c:\users\nep\documents\visual studio 2010\Projects\PDM Sequential\Debug\PDM Sequential.exe
       Manifest:
         C:\Program Files (x86)\Microsoft SDKs\Windows\v7.0A\bin\mt.exe /nologo /verbose /outputresource:"c:\users\nep\documents\visual studio 2010\Projects\PDM Sequential\Debug\PDM Sequential.exe;#1" /manifest "Debug\PDM Sequential.exe.intermediate.manifest"
       FinalizeBuildStatus:
         Deleting file "Debug\PDM Sequential.unsuccessfulbuild".
         Touching "Debug\PDM Sequential.lastbuildstate".
     1>Done Building Project "c:\Users\NEP\documents\visual studio 2010\Projects\PDM Sequential\PDM Sequential\PDM Sequential.vcxproj" (build target(s)).

Build succeeded.

Time Elapsed 00:00:01.01
