Build started 11/11/2018 4:49:37 PM.
     1>Project "C:\Users\NEP\Documents\Visual Studio 2010\Projects\Ajoko\Ajoko\Ajoko.vcxproj" on node 2 (build target(s)).
     1>InitializeBuildStatus:
         Creating "Debug\Ajoko.unsuccessfulbuild" because "AlwaysCreate" was specified.
       ClCompile:
         C:\Program Files (x86)\Microsoft Visual Studio 10.0\VC\bin\CL.exe /c /ZI /nologo /W3 /WX- /Od /Oy- /D _MBCS /Gm /EHsc /RTC1 /MDd /GS /fp:precise /Zc:wchar_t /Zc:forScope /Fo"Debug\\" /Fd"Debug\vc100.pdb" /Gd /TP /analyze- /errorReport:prompt jokoa.cpp
         jokoa.cpp
     1>c:\users\nep\documents\visual studio 2010\projects\ajoko\ajoko\jokoa.cpp(4): warning C4996: 'scanf': This function or variable may be unsafe. Consider using scanf_s instead. To disable deprecation, use _CRT_SECURE_NO_WARNINGS. See online help for details.
                 c:\program files (x86)\microsoft visual studio 10.0\vc\include\stdio.h(304) : see declaration of 'scanf'
     1>c:\users\nep\documents\visual studio 2010\projects\ajoko\ajoko\jokoa.cpp(6): warning C4996: 'scanf': This function or variable may be unsafe. Consider using scanf_s instead. To disable deprecation, use _CRT_SECURE_NO_WARNINGS. See online help for details.
                 c:\program files (x86)\microsoft visual studio 10.0\vc\include\stdio.h(304) : see declaration of 'scanf'
       Link:
         C:\Program Files (x86)\Microsoft Visual Studio 10.0\VC\bin\link.exe /ERRORREPORT:PROMPT /OUT:"C:\Users\NEP\Documents\Visual Studio 2010\Projects\Ajoko\Debug\Ajoko.exe" /NOLOGO kernel32.lib user32.lib gdi32.lib winspool.lib comdlg32.lib advapi32.lib shell32.lib ole32.lib oleaut32.lib uuid.lib odbc32.lib odbccp32.lib /MANIFEST /ManifestFile:"Debug\Ajoko.exe.intermediate.manifest" /MANIFESTUAC:"level='asInvoker' uiAccess='false'" /DEBUG /PDB:"C:\Users\NEP\Documents\Visual Studio 2010\Projects\Ajoko\Debug\Ajoko.pdb" /TLBID:1 /DYNAMICBASE /NXCOMPAT /IMPLIB:"C:\Users\NEP\Documents\Visual Studio 2010\Projects\Ajoko\Debug\Ajoko.lib" /MACHINE:X86 Debug\jokoa.obj
         Debug\Jokod.obj
         LINK : C:\Users\NEP\Documents\Visual Studio 2010\Projects\Ajoko\Debug\Ajoko.exe not found or not built by the last incremental link; performing full link
         Ajoko.vcxproj -> C:\Users\NEP\Documents\Visual Studio 2010\Projects\Ajoko\Debug\Ajoko.exe
       Manifest:
         C:\Program Files (x86)\Microsoft SDKs\Windows\v7.0A\bin\mt.exe /nologo /verbose /outputresource:"C:\Users\NEP\Documents\Visual Studio 2010\Projects\Ajoko\Debug\Ajoko.exe;#1" /manifest Debug\Ajoko.exe.intermediate.manifest
       FinalizeBuildStatus:
         Deleting file "Debug\Ajoko.unsuccessfulbuild".
         Touching "Debug\Ajoko.lastbuildstate".
     1>Done Building Project "C:\Users\NEP\Documents\Visual Studio 2010\Projects\Ajoko\Ajoko\Ajoko.vcxproj" (build target(s)).

Build succeeded.

Time Elapsed 00:00:01.23
