Build started 1/23/2019 2:30:32 PM.
     1>Project "C:\Users\NEP\documents\visual studio 2010\Projects\bubblesort\bubblesort\bubblesort.vcxproj" on node 2 (build target(s)).
     1>InitializeBuildStatus:
         Creating "Debug\bubblesort.unsuccessfulbuild" because "AlwaysCreate" was specified.
       ClCompile:
         C:\Program Files (x86)\Microsoft Visual Studio 10.0\VC\bin\CL.exe /c /ZI /nologo /W3 /WX- /Od /Oy- /D _MBCS /Gm /EHsc /RTC1 /MDd /GS /fp:precise /Zc:wchar_t /Zc:forScope /Fo"Debug\\" /Fd"Debug\vc100.pdb" /Gd /TP /analyze- /errorReport:prompt bubble.cpp selection.cpp
         selection.cpp
         bubble.cpp
         Generating Code...
       Link:
         C:\Program Files (x86)\Microsoft Visual Studio 10.0\VC\bin\link.exe /ERRORREPORT:PROMPT /OUT:"C:\Users\NEP\documents\visual studio 2010\Projects\bubblesort\Debug\bubblesort.exe" /NOLOGO kernel32.lib user32.lib gdi32.lib winspool.lib comdlg32.lib advapi32.lib shell32.lib ole32.lib oleaut32.lib uuid.lib odbc32.lib odbccp32.lib /MANIFEST /ManifestFile:"Debug\bubblesort.exe.intermediate.manifest" /MANIFESTUAC:"level='asInvoker' uiAccess='false'" /DEBUG /PDB:"C:\Users\NEP\documents\visual studio 2010\Projects\bubblesort\Debug\bubblesort.pdb" /TLBID:1 /DYNAMICBASE /NXCOMPAT /IMPLIB:"C:\Users\NEP\documents\visual studio 2010\Projects\bubblesort\Debug\bubblesort.lib" /MACHINE:X86 Debug\bubble.obj
         Debug\selection.obj
         LINK : C:\Users\NEP\documents\visual studio 2010\Projects\bubblesort\Debug\bubblesort.exe not found or not built by the last incremental link; performing full link
         bubblesort.vcxproj -> C:\Users\NEP\documents\visual studio 2010\Projects\bubblesort\Debug\bubblesort.exe
       Manifest:
         C:\Program Files (x86)\Microsoft SDKs\Windows\v7.0A\bin\mt.exe /nologo /verbose /outputresource:"C:\Users\NEP\documents\visual studio 2010\Projects\bubblesort\Debug\bubblesort.exe;#1" /manifest Debug\bubblesort.exe.intermediate.manifest
       FinalizeBuildStatus:
         Deleting file "Debug\bubblesort.unsuccessfulbuild".
         Touching "Debug\bubblesort.lastbuildstate".
     1>Done Building Project "C:\Users\NEP\documents\visual studio 2010\Projects\bubblesort\bubblesort\bubblesort.vcxproj" (build target(s)).

Build succeeded.

Time Elapsed 00:00:01.94
