Build started 10/31/2018 4:07:52 AM.
     1>Project "c:\Users\NEP\documents\visual studio 2010\Projects\PDM STAMP COUp\PDM STAMP COUp\PDM STAMP COUp.vcxproj" on node 2 (build target(s)).
     1>InitializeBuildStatus:
         Creating "Debug\PDM STAMP COUp.unsuccessfulbuild" because "AlwaysCreate" was specified.
       ClCompile:
         C:\Program Files (x86)\Microsoft Visual Studio 10.0\VC\bin\CL.exe /c /ZI /nologo /W3 /WX- /Od /Oy- /D _MBCS /Gm /EHsc /RTC1 /MDd /GS /fp:precise /Zc:wchar_t /Zc:forScope /Fo"Debug\\" /Fd"Debug\vc100.pdb" /Gd /TP /analyze- /errorReport:prompt Stamp.cpp
         Stamp.cpp
     1>c:\users\nep\documents\visual studio 2010\projects\pdm stamp coup\pdm stamp coup\stamp.cpp(6): warning C4996: 'scanf': This function or variable may be unsafe. Consider using scanf_s instead. To disable deprecation, use _CRT_SECURE_NO_WARNINGS. See online help for details.
                 c:\program files (x86)\microsoft visual studio 10.0\vc\include\stdio.h(304) : see declaration of 'scanf'
       Link:
         C:\Program Files (x86)\Microsoft Visual Studio 10.0\VC\bin\link.exe /ERRORREPORT:PROMPT /OUT:"c:\users\nep\documents\visual studio 2010\Projects\PDM STAMP COUp\Debug\PDM STAMP COUp.exe" /NOLOGO kernel32.lib user32.lib gdi32.lib winspool.lib comdlg32.lib advapi32.lib shell32.lib ole32.lib oleaut32.lib uuid.lib odbc32.lib odbccp32.lib /MANIFEST /ManifestFile:"Debug\PDM STAMP COUp.exe.intermediate.manifest" /MANIFESTUAC:"level='asInvoker' uiAccess='false'" /DEBUG /PDB:"c:\users\nep\documents\visual studio 2010\Projects\PDM STAMP COUp\Debug\PDM STAMP COUp.pdb" /TLBID:1 /DYNAMICBASE /NXCOMPAT /IMPLIB:"c:\users\nep\documents\visual studio 2010\Projects\PDM STAMP COUp\Debug\PDM STAMP COUp.lib" /MACHINE:X86 Debug\Stamp.obj
         LINK : c:\users\nep\documents\visual studio 2010\Projects\PDM STAMP COUp\Debug\PDM STAMP COUp.exe not found or not built by the last incremental link; performing full link
         PDM STAMP COUp.vcxproj -> c:\users\nep\documents\visual studio 2010\Projects\PDM STAMP COUp\Debug\PDM STAMP COUp.exe
       Manifest:
         C:\Program Files (x86)\Microsoft SDKs\Windows\v7.0A\bin\mt.exe /nologo /verbose /outputresource:"c:\users\nep\documents\visual studio 2010\Projects\PDM STAMP COUp\Debug\PDM STAMP COUp.exe;#1" /manifest "Debug\PDM STAMP COUp.exe.intermediate.manifest"
       FinalizeBuildStatus:
         Deleting file "Debug\PDM STAMP COUp.unsuccessfulbuild".
         Touching "Debug\PDM STAMP COUp.lastbuildstate".
     1>Done Building Project "c:\Users\NEP\documents\visual studio 2010\Projects\PDM STAMP COUp\PDM STAMP COUp\PDM STAMP COUp.vcxproj" (build target(s)).

Build succeeded.

Time Elapsed 00:00:08.39
