Build started 10/10/2018 10:09:15 PM.
     1>Project "c:\Users\NEP\documents\visual studio 2010\Projects\Enoughokayperfect\Enoughokayperfect\Enoughokayperfect.vcxproj" on node 2 (build target(s)).
     1>PrepareForBuild:
         Creating directory "c:\users\nep\documents\visual studio 2010\Projects\Enoughokayperfect\Debug\".
       InitializeBuildStatus:
         Creating "Debug\Enoughokayperfect.unsuccessfulbuild" because "AlwaysCreate" was specified.
       ClCompile:
         C:\Program Files (x86)\Microsoft Visual Studio 10.0\VC\bin\CL.exe /c /ZI /nologo /W3 /WX- /Od /Oy- /D _MBCS /Gm /EHsc /RTC1 /MDd /GS /fp:precise /Zc:wchar_t /Zc:forScope /Fo"Debug\\" /Fd"Debug\vc100.pdb" /Gd /TP /analyze- /errorReport:prompt Enoughokayperfect.cpp
         Enoughokayperfect.cpp
     1>c:\users\nep\documents\visual studio 2010\projects\enoughokayperfect\enoughokayperfect\enoughokayperfect.cpp(4): warning C4996: 'scanf': This function or variable may be unsafe. Consider using scanf_s instead. To disable deprecation, use _CRT_SECURE_NO_WARNINGS. See online help for details.
                 c:\program files (x86)\microsoft visual studio 10.0\vc\include\stdio.h(304) : see declaration of 'scanf'
       Link:
         C:\Program Files (x86)\Microsoft Visual Studio 10.0\VC\bin\link.exe /ERRORREPORT:PROMPT /OUT:"c:\users\nep\documents\visual studio 2010\Projects\Enoughokayperfect\Debug\Enoughokayperfect.exe" /NOLOGO kernel32.lib user32.lib gdi32.lib winspool.lib comdlg32.lib advapi32.lib shell32.lib ole32.lib oleaut32.lib uuid.lib odbc32.lib odbccp32.lib /MANIFEST /ManifestFile:"Debug\Enoughokayperfect.exe.intermediate.manifest" /MANIFESTUAC:"level='asInvoker' uiAccess='false'" /DEBUG /PDB:"c:\users\nep\documents\visual studio 2010\Projects\Enoughokayperfect\Debug\Enoughokayperfect.pdb" /TLBID:1 /DYNAMICBASE /NXCOMPAT /IMPLIB:"c:\users\nep\documents\visual studio 2010\Projects\Enoughokayperfect\Debug\Enoughokayperfect.lib" /MACHINE:X86 Debug\Enoughokayperfect.obj
         Enoughokayperfect.vcxproj -> c:\users\nep\documents\visual studio 2010\Projects\Enoughokayperfect\Debug\Enoughokayperfect.exe
       Manifest:
         C:\Program Files (x86)\Microsoft SDKs\Windows\v7.0A\bin\mt.exe /nologo /verbose /outputresource:"c:\users\nep\documents\visual studio 2010\Projects\Enoughokayperfect\Debug\Enoughokayperfect.exe;#1" /manifest Debug\Enoughokayperfect.exe.intermediate.manifest
       FinalizeBuildStatus:
         Deleting file "Debug\Enoughokayperfect.unsuccessfulbuild".
         Touching "Debug\Enoughokayperfect.lastbuildstate".
     1>Done Building Project "c:\Users\NEP\documents\visual studio 2010\Projects\Enoughokayperfect\Enoughokayperfect\Enoughokayperfect.vcxproj" (build target(s)).

Build succeeded.

Time Elapsed 00:00:03.07
