Build started 4/30/2019 12:58:42 AM.
     1>Project "C:\Users\NEP\documents\visual studio 2010\Projects\quizstudydatsruk\quizstudydatsruk\quizstudydatsruk.vcxproj" on node 2 (build target(s)).
     1>InitializeBuildStatus:
         Creating "Debug\quizstudydatsruk.unsuccessfulbuild" because "AlwaysCreate" was specified.
       ClCompile:
         C:\Program Files (x86)\Microsoft Visual Studio 10.0\VC\bin\CL.exe /c /ZI /nologo /W3 /WX- /Od /Oy- /D _MBCS /Gm /EHsc /RTC1 /MDd /GS /fp:precise /Zc:wchar_t /Zc:forScope /Fo"Debug\\" /Fd"Debug\vc100.pdb" /Gd /TP /analyze- /errorReport:prompt doublelinkedlist.cpp
         doublelinkedlist.cpp
     1>c:\users\nep\documents\visual studio 2010\projects\quizstudydatsruk\quizstudydatsruk\doublelinkedlist.cpp(31): warning C4996: 'strcpy': This function or variable may be unsafe. Consider using strcpy_s instead. To disable deprecation, use _CRT_SECURE_NO_WARNINGS. See online help for details.
                 c:\program files (x86)\microsoft visual studio 10.0\vc\include\string.h(105) : see declaration of 'strcpy'
     1>c:\users\nep\documents\visual studio 2010\projects\quizstudydatsruk\quizstudydatsruk\doublelinkedlist.cpp(140): warning C4996: 'scanf': This function or variable may be unsafe. Consider using scanf_s instead. To disable deprecation, use _CRT_SECURE_NO_WARNINGS. See online help for details.
                 c:\program files (x86)\microsoft visual studio 10.0\vc\include\stdio.h(304) : see declaration of 'scanf'
     1>c:\users\nep\documents\visual studio 2010\projects\quizstudydatsruk\quizstudydatsruk\doublelinkedlist.cpp(146): warning C4996: 'scanf': This function or variable may be unsafe. Consider using scanf_s instead. To disable deprecation, use _CRT_SECURE_NO_WARNINGS. See online help for details.
                 c:\program files (x86)\microsoft visual studio 10.0\vc\include\stdio.h(304) : see declaration of 'scanf'
     1>c:\users\nep\documents\visual studio 2010\projects\quizstudydatsruk\quizstudydatsruk\doublelinkedlist.cpp(149): warning C4996: 'scanf': This function or variable may be unsafe. Consider using scanf_s instead. To disable deprecation, use _CRT_SECURE_NO_WARNINGS. See online help for details.
                 c:\program files (x86)\microsoft visual studio 10.0\vc\include\stdio.h(304) : see declaration of 'scanf'
     1>c:\users\nep\documents\visual studio 2010\projects\quizstudydatsruk\quizstudydatsruk\doublelinkedlist.cpp(164): warning C4996: 'scanf': This function or variable may be unsafe. Consider using scanf_s instead. To disable deprecation, use _CRT_SECURE_NO_WARNINGS. See online help for details.
                 c:\program files (x86)\microsoft visual studio 10.0\vc\include\stdio.h(304) : see declaration of 'scanf'
     1>c:\users\nep\documents\visual studio 2010\projects\quizstudydatsruk\quizstudydatsruk\doublelinkedlist.cpp(26): warning C4715: 'check' : not all control paths return a value
       Link:
         C:\Program Files (x86)\Microsoft Visual Studio 10.0\VC\bin\link.exe /ERRORREPORT:PROMPT /OUT:"C:\Users\NEP\documents\visual studio 2010\Projects\quizstudydatsruk\Debug\quizstudydatsruk.exe" /NOLOGO kernel32.lib user32.lib gdi32.lib winspool.lib comdlg32.lib advapi32.lib shell32.lib ole32.lib oleaut32.lib uuid.lib odbc32.lib odbccp32.lib /MANIFEST /ManifestFile:"Debug\quizstudydatsruk.exe.intermediate.manifest" /MANIFESTUAC:"level='asInvoker' uiAccess='false'" /DEBUG /PDB:"C:\Users\NEP\documents\visual studio 2010\Projects\quizstudydatsruk\Debug\quizstudydatsruk.pdb" /TLBID:1 /DYNAMICBASE /NXCOMPAT /IMPLIB:"C:\Users\NEP\documents\visual studio 2010\Projects\quizstudydatsruk\Debug\quizstudydatsruk.lib" /MACHINE:X86 Debug\doublelinkedlist.obj
         Debug\doublelinkedlistold.obj
         LINK : C:\Users\NEP\documents\visual studio 2010\Projects\quizstudydatsruk\Debug\quizstudydatsruk.exe not found or not built by the last incremental link; performing full link
         quizstudydatsruk.vcxproj -> C:\Users\NEP\documents\visual studio 2010\Projects\quizstudydatsruk\Debug\quizstudydatsruk.exe
       Manifest:
         C:\Program Files (x86)\Microsoft SDKs\Windows\v7.0A\bin\mt.exe /nologo /verbose /outputresource:"C:\Users\NEP\documents\visual studio 2010\Projects\quizstudydatsruk\Debug\quizstudydatsruk.exe;#1" /manifest Debug\quizstudydatsruk.exe.intermediate.manifest
       FinalizeBuildStatus:
         Deleting file "Debug\quizstudydatsruk.unsuccessfulbuild".
         Touching "Debug\quizstudydatsruk.lastbuildstate".
     1>Done Building Project "C:\Users\NEP\documents\visual studio 2010\Projects\quizstudydatsruk\quizstudydatsruk\quizstudydatsruk.vcxproj" (build target(s)).

Build succeeded.

Time Elapsed 00:00:04.17
