Build started 10/7/2018 11:25:11 AM.
     1>Project "C:\Users\NEP\documents\visual studio 2010\Projects\Quiz2\Quiz2\Quiz2.vcxproj" on node 2 (build target(s)).
     1>InitializeBuildStatus:
         Creating "Debug\Quiz2.unsuccessfulbuild" because "AlwaysCreate" was specified.
       ClCompile:
         C:\Program Files (x86)\Microsoft Visual Studio 10.0\VC\bin\CL.exe /c /ZI /nologo /W3 /WX- /Od /Oy- /D _MBCS /Gm /EHsc /RTC1 /MDd /GS /fp:precise /Zc:wchar_t /Zc:forScope /Fo"Debug\\" /Fd"Debug\vc100.pdb" /Gd /TP /analyze- /errorReport:prompt QUIZ2.cpp
         QUIZ2.cpp
     1>c:\users\nep\documents\visual studio 2010\projects\quiz2\quiz2\quiz2.cpp(8): warning C4996: 'scanf': This function or variable may be unsafe. Consider using scanf_s instead. To disable deprecation, use _CRT_SECURE_NO_WARNINGS. See online help for details.
                 c:\program files (x86)\microsoft visual studio 10.0\vc\include\stdio.h(304) : see declaration of 'scanf'
       Link:
         C:\Program Files (x86)\Microsoft Visual Studio 10.0\VC\bin\link.exe /ERRORREPORT:PROMPT /OUT:"C:\Users\NEP\documents\visual studio 2010\Projects\Quiz2\Debug\Quiz2.exe" /NOLOGO kernel32.lib user32.lib gdi32.lib winspool.lib comdlg32.lib advapi32.lib shell32.lib ole32.lib oleaut32.lib uuid.lib odbc32.lib odbccp32.lib /MANIFEST /ManifestFile:"Debug\Quiz2.exe.intermediate.manifest" /MANIFESTUAC:"level='asInvoker' uiAccess='false'" /DEBUG /PDB:"C:\Users\NEP\documents\visual studio 2010\Projects\Quiz2\Debug\Quiz2.pdb" /TLBID:1 /DYNAMICBASE /NXCOMPAT /IMPLIB:"C:\Users\NEP\documents\visual studio 2010\Projects\Quiz2\Debug\Quiz2.lib" /MACHINE:X86 Debug\QUIZ2.obj
         LINK : C:\Users\NEP\documents\visual studio 2010\Projects\Quiz2\Debug\Quiz2.exe not found or not built by the last incremental link; performing full link
         Quiz2.vcxproj -> C:\Users\NEP\documents\visual studio 2010\Projects\Quiz2\Debug\Quiz2.exe
       Manifest:
         C:\Program Files (x86)\Microsoft SDKs\Windows\v7.0A\bin\mt.exe /nologo /verbose /outputresource:"C:\Users\NEP\documents\visual studio 2010\Projects\Quiz2\Debug\Quiz2.exe;#1" /manifest Debug\Quiz2.exe.intermediate.manifest
       FinalizeBuildStatus:
         Deleting file "Debug\Quiz2.unsuccessfulbuild".
         Touching "Debug\Quiz2.lastbuildstate".
     1>Done Building Project "C:\Users\NEP\documents\visual studio 2010\Projects\Quiz2\Quiz2\Quiz2.vcxproj" (build target(s)).

Build succeeded.

Time Elapsed 00:00:00.76
