Build started 12/16/2018 2:52:41 AM.
     1>Project "C:\Users\NEP\documents\visual studio 2010\Projects\Quiz7selasa\Quiz7selasa\Quiz7selasa.vcxproj" on node 2 (build target(s)).
     1>InitializeBuildStatus:
         Creating "Debug\Quiz7selasa.unsuccessfulbuild" because "AlwaysCreate" was specified.
       ClCompile:
         C:\Program Files (x86)\Microsoft Visual Studio 10.0\VC\bin\CL.exe /c /ZI /nologo /W3 /WX- /Od /Oy- /D _MBCS /Gm /EHsc /RTC1 /MDd /GS /fp:precise /Zc:wchar_t /Zc:forScope /Fo"Debug\\" /Fd"Debug\vc100.pdb" /Gd /TP /analyze- /errorReport:prompt Score.cpp
         Score.cpp
     1>c:\users\nep\documents\visual studio 2010\projects\quiz7selasa\quiz7selasa\score.cpp(11): warning C4996: 'scanf': This function or variable may be unsafe. Consider using scanf_s instead. To disable deprecation, use _CRT_SECURE_NO_WARNINGS. See online help for details.
                 c:\program files (x86)\microsoft visual studio 10.0\vc\include\stdio.h(304) : see declaration of 'scanf'
     1>c:\users\nep\documents\visual studio 2010\projects\quiz7selasa\quiz7selasa\score.cpp(16): warning C4996: 'scanf': This function or variable may be unsafe. Consider using scanf_s instead. To disable deprecation, use _CRT_SECURE_NO_WARNINGS. See online help for details.
                 c:\program files (x86)\microsoft visual studio 10.0\vc\include\stdio.h(304) : see declaration of 'scanf'
     1>c:\users\nep\documents\visual studio 2010\projects\quiz7selasa\quiz7selasa\score.cpp(20): warning C4996: 'scanf': This function or variable may be unsafe. Consider using scanf_s instead. To disable deprecation, use _CRT_SECURE_NO_WARNINGS. See online help for details.
                 c:\program files (x86)\microsoft visual studio 10.0\vc\include\stdio.h(304) : see declaration of 'scanf'
     1>c:\users\nep\documents\visual studio 2010\projects\quiz7selasa\quiz7selasa\score.cpp(24): warning C4996: 'scanf': This function or variable may be unsafe. Consider using scanf_s instead. To disable deprecation, use _CRT_SECURE_NO_WARNINGS. See online help for details.
                 c:\program files (x86)\microsoft visual studio 10.0\vc\include\stdio.h(304) : see declaration of 'scanf'
       Link:
         C:\Program Files (x86)\Microsoft Visual Studio 10.0\VC\bin\link.exe /ERRORREPORT:PROMPT /OUT:"C:\Users\NEP\documents\visual studio 2010\Projects\Quiz7selasa\Debug\Quiz7selasa.exe" /NOLOGO kernel32.lib user32.lib gdi32.lib winspool.lib comdlg32.lib advapi32.lib shell32.lib ole32.lib oleaut32.lib uuid.lib odbc32.lib odbccp32.lib /MANIFEST /ManifestFile:"Debug\Quiz7selasa.exe.intermediate.manifest" /MANIFESTUAC:"level='asInvoker' uiAccess='false'" /DEBUG /PDB:"C:\Users\NEP\documents\visual studio 2010\Projects\Quiz7selasa\Debug\Quiz7selasa.pdb" /TLBID:1 /DYNAMICBASE /NXCOMPAT /IMPLIB:"C:\Users\NEP\documents\visual studio 2010\Projects\Quiz7selasa\Debug\Quiz7selasa.lib" /MACHINE:X86 Debug\Busy.obj
         Debug\Score.obj
         LINK : C:\Users\NEP\documents\visual studio 2010\Projects\Quiz7selasa\Debug\Quiz7selasa.exe not found or not built by the last incremental link; performing full link
         Quiz7selasa.vcxproj -> C:\Users\NEP\documents\visual studio 2010\Projects\Quiz7selasa\Debug\Quiz7selasa.exe
       Manifest:
         C:\Program Files (x86)\Microsoft SDKs\Windows\v7.0A\bin\mt.exe /nologo /verbose /outputresource:"C:\Users\NEP\documents\visual studio 2010\Projects\Quiz7selasa\Debug\Quiz7selasa.exe;#1" /manifest Debug\Quiz7selasa.exe.intermediate.manifest
       FinalizeBuildStatus:
         Deleting file "Debug\Quiz7selasa.unsuccessfulbuild".
         Touching "Debug\Quiz7selasa.lastbuildstate".
     1>Done Building Project "C:\Users\NEP\documents\visual studio 2010\Projects\Quiz7selasa\Quiz7selasa\Quiz7selasa.vcxproj" (build target(s)).

Build succeeded.

Time Elapsed 00:00:01.12
