Build started 12/15/2018 1:17:08 PM.
     1>Project "C:\Users\NEP\documents\visual studio 2010\Projects\Quizonline7\Quizonline7\Quizonline7.vcxproj" on node 2 (build target(s)).
     1>InitializeBuildStatus:
         Creating "Debug\Quizonline7.unsuccessfulbuild" because "AlwaysCreate" was specified.
       ClCompile:
         C:\Program Files (x86)\Microsoft Visual Studio 10.0\VC\bin\CL.exe /c /ZI /nologo /W3 /WX- /Od /Oy- /D _MBCS /Gm /EHsc /RTC1 /MDd /GS /fp:precise /Zc:wchar_t /Zc:forScope /Fo"Debug\\" /Fd"Debug\vc100.pdb" /Gd /TP /analyze- /errorReport:prompt Summary.cpp
         Summary.cpp
     1>c:\users\nep\documents\visual studio 2010\projects\quizonline7\quizonline7\summary.cpp(5): warning C4996: 'fopen': This function or variable may be unsafe. Consider using fopen_s instead. To disable deprecation, use _CRT_SECURE_NO_WARNINGS. See online help for details.
                 c:\program files (x86)\microsoft visual studio 10.0\vc\include\stdio.h(234) : see declaration of 'fopen'
     1>c:\users\nep\documents\visual studio 2010\projects\quizonline7\quizonline7\summary.cpp(10): warning C4996: 'fscanf': This function or variable may be unsafe. Consider using fscanf_s instead. To disable deprecation, use _CRT_SECURE_NO_WARNINGS. See online help for details.
                 c:\program files (x86)\microsoft visual studio 10.0\vc\include\stdio.h(253) : see declaration of 'fscanf'
       Link:
         C:\Program Files (x86)\Microsoft Visual Studio 10.0\VC\bin\link.exe /ERRORREPORT:PROMPT /OUT:"C:\Users\NEP\documents\visual studio 2010\Projects\Quizonline7\Debug\Quizonline7.exe" /NOLOGO kernel32.lib user32.lib gdi32.lib winspool.lib comdlg32.lib advapi32.lib shell32.lib ole32.lib oleaut32.lib uuid.lib odbc32.lib odbccp32.lib /MANIFEST /ManifestFile:"Debug\Quizonline7.exe.intermediate.manifest" /MANIFESTUAC:"level='asInvoker' uiAccess='false'" /DEBUG /PDB:"C:\Users\NEP\documents\visual studio 2010\Projects\Quizonline7\Debug\Quizonline7.pdb" /TLBID:1 /DYNAMICBASE /NXCOMPAT /IMPLIB:"C:\Users\NEP\documents\visual studio 2010\Projects\Quizonline7\Debug\Quizonline7.lib" /MACHINE:X86 Debug\RidingBicycle.obj
         Debug\Studentdata.obj
         Debug\Summary.obj
         LINK : C:\Users\NEP\documents\visual studio 2010\Projects\Quizonline7\Debug\Quizonline7.exe not found or not built by the last incremental link; performing full link
         Quizonline7.vcxproj -> C:\Users\NEP\documents\visual studio 2010\Projects\Quizonline7\Debug\Quizonline7.exe
       Manifest:
         C:\Program Files (x86)\Microsoft SDKs\Windows\v7.0A\bin\mt.exe /nologo /verbose /outputresource:"C:\Users\NEP\documents\visual studio 2010\Projects\Quizonline7\Debug\Quizonline7.exe;#1" /manifest Debug\Quizonline7.exe.intermediate.manifest
       FinalizeBuildStatus:
         Deleting file "Debug\Quizonline7.unsuccessfulbuild".
         Touching "Debug\Quizonline7.lastbuildstate".
     1>Done Building Project "C:\Users\NEP\documents\visual studio 2010\Projects\Quizonline7\Quizonline7\Quizonline7.vcxproj" (build target(s)).

Build succeeded.

Time Elapsed 00:00:01.34
