Build started 12/2/2018 5:48:08 AM.
     1>Project "C:\Users\NEP\documents\visual studio 2010\Projects\Jo Number\Jo Number\Jo Number.vcxproj" on node 2 (build target(s)).
     1>PrepareForBuild:
         Creating directory "C:\Users\NEP\documents\visual studio 2010\Projects\Jo Number\Debug\".
       InitializeBuildStatus:
         Creating "Debug\Jo Number.unsuccessfulbuild" because "AlwaysCreate" was specified.
       ClCompile:
         C:\Program Files (x86)\Microsoft Visual Studio 10.0\VC\bin\CL.exe /c /ZI /nologo /W3 /WX- /Od /Oy- /D _MBCS /Gm /EHsc /RTC1 /MDd /GS /fp:precise /Zc:wchar_t /Zc:forScope /Fo"Debug\\" /Fd"Debug\vc100.pdb" /Gd /TP /analyze- /errorReport:prompt jonumber.cpp
         jonumber.cpp
     1>c:\users\nep\documents\visual studio 2010\projects\jo number\jo number\jonumber.cpp(14): warning C4996: 'scanf': This function or variable may be unsafe. Consider using scanf_s instead. To disable deprecation, use _CRT_SECURE_NO_WARNINGS. See online help for details.
                 c:\program files (x86)\microsoft visual studio 10.0\vc\include\stdio.h(304) : see declaration of 'scanf'
     1>c:\users\nep\documents\visual studio 2010\projects\jo number\jo number\jonumber.cpp(17): warning C4996: 'scanf': This function or variable may be unsafe. Consider using scanf_s instead. To disable deprecation, use _CRT_SECURE_NO_WARNINGS. See online help for details.
                 c:\program files (x86)\microsoft visual studio 10.0\vc\include\stdio.h(304) : see declaration of 'scanf'
     1>c:\users\nep\documents\visual studio 2010\projects\jo number\jo number\jonumber.cpp(19): warning C4244: 'argument' : conversion from '__int64' to 'int', possible loss of data
     1>c:\users\nep\documents\visual studio 2010\projects\jo number\jo number\jonumber.cpp(19): warning C4244: 'argument' : conversion from '__int64' to 'int', possible loss of data
       Link:
         C:\Program Files (x86)\Microsoft Visual Studio 10.0\VC\bin\link.exe /ERRORREPORT:PROMPT /OUT:"C:\Users\NEP\documents\visual studio 2010\Projects\Jo Number\Debug\Jo Number.exe" /NOLOGO kernel32.lib user32.lib gdi32.lib winspool.lib comdlg32.lib advapi32.lib shell32.lib ole32.lib oleaut32.lib uuid.lib odbc32.lib odbccp32.lib /MANIFEST /ManifestFile:"Debug\Jo Number.exe.intermediate.manifest" /MANIFESTUAC:"level='asInvoker' uiAccess='false'" /DEBUG /PDB:"C:\Users\NEP\documents\visual studio 2010\Projects\Jo Number\Debug\Jo Number.pdb" /TLBID:1 /DYNAMICBASE /NXCOMPAT /IMPLIB:"C:\Users\NEP\documents\visual studio 2010\Projects\Jo Number\Debug\Jo Number.lib" /MACHINE:X86 Debug\jonumber.obj
         Jo Number.vcxproj -> C:\Users\NEP\documents\visual studio 2010\Projects\Jo Number\Debug\Jo Number.exe
       Manifest:
         C:\Program Files (x86)\Microsoft SDKs\Windows\v7.0A\bin\mt.exe /nologo /verbose /outputresource:"C:\Users\NEP\documents\visual studio 2010\Projects\Jo Number\Debug\Jo Number.exe;#1" /manifest "Debug\Jo Number.exe.intermediate.manifest"
       FinalizeBuildStatus:
         Deleting file "Debug\Jo Number.unsuccessfulbuild".
         Touching "Debug\Jo Number.lastbuildstate".
     1>Done Building Project "C:\Users\NEP\documents\visual studio 2010\Projects\Jo Number\Jo Number\Jo Number.vcxproj" (build target(s)).

Build succeeded.

Time Elapsed 00:00:09.36
