Build started 11/29/2018 10:09:12 PM.
     1>Project "c:\Users\NEP\documents\visual studio 2010\Projects\tiles\tiles\tiles.vcxproj" on node 2 (build target(s)).
     1>InitializeBuildStatus:
         Creating "Debug\tiles.unsuccessfulbuild" because "AlwaysCreate" was specified.
       ClCompile:
         C:\Program Files (x86)\Microsoft Visual Studio 10.0\VC\bin\CL.exe /c /ZI /nologo /W3 /WX- /Od /Oy- /D _MBCS /Gm /EHsc /RTC1 /MDd /GS /fp:precise /Zc:wchar_t /Zc:forScope /Fo"Debug\\" /Fd"Debug\vc100.pdb" /Gd /TP /analyze- /errorReport:prompt tiles.cpp
         tiles.cpp
     1>c:\users\nep\documents\visual studio 2010\projects\tiles\tiles\tiles.cpp(5): warning C4996: 'scanf': This function or variable may be unsafe. Consider using scanf_s instead. To disable deprecation, use _CRT_SECURE_NO_WARNINGS. See online help for details.
                 c:\program files (x86)\microsoft visual studio 10.0\vc\include\stdio.h(304) : see declaration of 'scanf'
     1>c:\users\nep\documents\visual studio 2010\projects\tiles\tiles\tiles.cpp(10): warning C4996: 'scanf': This function or variable may be unsafe. Consider using scanf_s instead. To disable deprecation, use _CRT_SECURE_NO_WARNINGS. See online help for details.
                 c:\program files (x86)\microsoft visual studio 10.0\vc\include\stdio.h(304) : see declaration of 'scanf'
     1>c:\users\nep\documents\visual studio 2010\projects\tiles\tiles\tiles.cpp(13): warning C4996: 'gets': This function or variable may be unsafe. Consider using gets_s instead. To disable deprecation, use _CRT_SECURE_NO_WARNINGS. See online help for details.
                 c:\program files (x86)\microsoft visual studio 10.0\vc\include\stdio.h(277) : see declaration of 'gets'
       Link:
         C:\Program Files (x86)\Microsoft Visual Studio 10.0\VC\bin\link.exe /ERRORREPORT:PROMPT /OUT:"c:\users\nep\documents\visual studio 2010\Projects\tiles\Debug\tiles.exe" /NOLOGO kernel32.lib user32.lib gdi32.lib winspool.lib comdlg32.lib advapi32.lib shell32.lib ole32.lib oleaut32.lib uuid.lib odbc32.lib odbccp32.lib /MANIFEST /ManifestFile:"Debug\tiles.exe.intermediate.manifest" /MANIFESTUAC:"level='asInvoker' uiAccess='false'" /DEBUG /PDB:"c:\users\nep\documents\visual studio 2010\Projects\tiles\Debug\tiles.pdb" /TLBID:1 /DYNAMICBASE /NXCOMPAT /IMPLIB:"c:\users\nep\documents\visual studio 2010\Projects\tiles\Debug\tiles.lib" /MACHINE:X86 Debug\tiles.obj
         LINK : c:\users\nep\documents\visual studio 2010\Projects\tiles\Debug\tiles.exe not found or not built by the last incremental link; performing full link
         tiles.vcxproj -> c:\users\nep\documents\visual studio 2010\Projects\tiles\Debug\tiles.exe
       Manifest:
         C:\Program Files (x86)\Microsoft SDKs\Windows\v7.0A\bin\mt.exe /nologo /verbose /outputresource:"c:\users\nep\documents\visual studio 2010\Projects\tiles\Debug\tiles.exe;#1" /manifest Debug\tiles.exe.intermediate.manifest
       FinalizeBuildStatus:
         Deleting file "Debug\tiles.unsuccessfulbuild".
         Touching "Debug\tiles.lastbuildstate".
     1>Done Building Project "c:\Users\NEP\documents\visual studio 2010\Projects\tiles\tiles\tiles.vcxproj" (build target(s)).

Build succeeded.

Time Elapsed 00:00:01.00
