Build started 10/31/2018 1:13:42 AM.
     1>Project "c:\Users\NEP\documents\visual studio 2010\Projects\PDM Daftar Nilai\PDM Daftar Nilai\PDM Daftar Nilai.vcxproj" on node 2 (build target(s)).
     1>PrepareForBuild:
         Creating directory "c:\users\nep\documents\visual studio 2010\Projects\PDM Daftar Nilai\Debug\".
       InitializeBuildStatus:
         Creating "Debug\PDM Daftar Nilai.unsuccessfulbuild" because "AlwaysCreate" was specified.
       ClCompile:
         C:\Program Files (x86)\Microsoft Visual Studio 10.0\VC\bin\CL.exe /c /ZI /nologo /W3 /WX- /Od /Oy- /D _MBCS /Gm /EHsc /RTC1 /MDd /GS /fp:precise /Zc:wchar_t /Zc:forScope /Fo"Debug\\" /Fd"Debug\vc100.pdb" /Gd /TP /analyze- /errorReport:prompt PDMDAFTARNILAI.cpp
         PDMDAFTARNILAI.cpp
       Link:
         C:\Program Files (x86)\Microsoft Visual Studio 10.0\VC\bin\link.exe /ERRORREPORT:PROMPT /OUT:"c:\users\nep\documents\visual studio 2010\Projects\PDM Daftar Nilai\Debug\PDM Daftar Nilai.exe" /NOLOGO kernel32.lib user32.lib gdi32.lib winspool.lib comdlg32.lib advapi32.lib shell32.lib ole32.lib oleaut32.lib uuid.lib odbc32.lib odbccp32.lib /MANIFEST /ManifestFile:"Debug\PDM Daftar Nilai.exe.intermediate.manifest" /MANIFESTUAC:"level='asInvoker' uiAccess='false'" /DEBUG /PDB:"c:\users\nep\documents\visual studio 2010\Projects\PDM Daftar Nilai\Debug\PDM Daftar Nilai.pdb" /TLBID:1 /DYNAMICBASE /NXCOMPAT /IMPLIB:"c:\users\nep\documents\visual studio 2010\Projects\PDM Daftar Nilai\Debug\PDM Daftar Nilai.lib" /MACHINE:X86 Debug\PDMDAFTARNILAI.obj
         PDM Daftar Nilai.vcxproj -> c:\users\nep\documents\visual studio 2010\Projects\PDM Daftar Nilai\Debug\PDM Daftar Nilai.exe
       Manifest:
         C:\Program Files (x86)\Microsoft SDKs\Windows\v7.0A\bin\mt.exe /nologo /verbose /outputresource:"c:\users\nep\documents\visual studio 2010\Projects\PDM Daftar Nilai\Debug\PDM Daftar Nilai.exe;#1" /manifest "Debug\PDM Daftar Nilai.exe.intermediate.manifest"
       FinalizeBuildStatus:
         Deleting file "Debug\PDM Daftar Nilai.unsuccessfulbuild".
         Touching "Debug\PDM Daftar Nilai.lastbuildstate".
     1>Done Building Project "c:\Users\NEP\documents\visual studio 2010\Projects\PDM Daftar Nilai\PDM Daftar Nilai\PDM Daftar Nilai.vcxproj" (build target(s)).

Build succeeded.

Time Elapsed 00:00:01.54
