Build started 10/10/2018 1:19:46 PM.
     1>Project "C:\Users\NEP\documents\visual studio 2010\Projects\HAINICO\HAINICO\HAINICO.vcxproj" on node 2 (build target(s)).
     1>InitializeBuildStatus:
         Creating "Debug\HAINICO.unsuccessfulbuild" because "AlwaysCreate" was specified.
       ClCompile:
         C:\Program Files (x86)\Microsoft Visual Studio 10.0\VC\bin\CL.exe /c /ZI /nologo /W3 /WX- /Od /Oy- /D _MBCS /Gm /EHsc /RTC1 /MDd /GS /fp:precise /Zc:wchar_t /Zc:forScope /Fo"Debug\\" /Fd"Debug\vc100.pdb" /Gd /TC /analyze- /errorReport:prompt Tower.c
         Tower.c
     1>c:\users\nep\documents\visual studio 2010\projects\hainico\hainico\tower.c(8): warning C4996: 'scanf': This function or variable may be unsafe. Consider using scanf_s instead. To disable deprecation, use _CRT_SECURE_NO_WARNINGS. See online help for details.
                 c:\program files (x86)\microsoft visual studio 10.0\vc\include\stdio.h(304) : see declaration of 'scanf'
       Link:
         C:\Program Files (x86)\Microsoft Visual Studio 10.0\VC\bin\link.exe /ERRORREPORT:PROMPT /OUT:"C:\Users\NEP\documents\visual studio 2010\Projects\HAINICO\Debug\HAINICO.exe" /NOLOGO kernel32.lib user32.lib gdi32.lib winspool.lib comdlg32.lib advapi32.lib shell32.lib ole32.lib oleaut32.lib uuid.lib odbc32.lib odbccp32.lib /MANIFEST /ManifestFile:"Debug\HAINICO.exe.intermediate.manifest" /MANIFESTUAC:"level='asInvoker' uiAccess='false'" /DEBUG /PDB:"C:\Users\NEP\documents\visual studio 2010\Projects\HAINICO\Debug\HAINICO.pdb" /TLBID:1 /DYNAMICBASE /NXCOMPAT /IMPLIB:"C:\Users\NEP\documents\visual studio 2010\Projects\HAINICO\Debug\HAINICO.lib" /MACHINE:X86 Debug\Tower.obj
         LINK : C:\Users\NEP\documents\visual studio 2010\Projects\HAINICO\Debug\HAINICO.exe not found or not built by the last incremental link; performing full link
         HAINICO.vcxproj -> C:\Users\NEP\documents\visual studio 2010\Projects\HAINICO\Debug\HAINICO.exe
       Manifest:
         C:\Program Files (x86)\Microsoft SDKs\Windows\v7.0A\bin\mt.exe /nologo /verbose /outputresource:"C:\Users\NEP\documents\visual studio 2010\Projects\HAINICO\Debug\HAINICO.exe;#1" /manifest Debug\HAINICO.exe.intermediate.manifest
       FinalizeBuildStatus:
         Deleting file "Debug\HAINICO.unsuccessfulbuild".
         Touching "Debug\HAINICO.lastbuildstate".
     1>Done Building Project "C:\Users\NEP\documents\visual studio 2010\Projects\HAINICO\HAINICO\HAINICO.vcxproj" (build target(s)).

Build succeeded.

Time Elapsed 00:00:00.94
