Build started 10/5/2019 3:11:28 PM.
     1>Project "C:\Users\NEP\documents\visual studio 2010\Projects\INC\INC\INC.vcxproj" on node 2 (build target(s)).
     1>InitializeBuildStatus:
         Touching "Debug\INC.unsuccessfulbuild".
       ClCompile:
         C:\Program Files (x86)\Microsoft Visual Studio 10.0\VC\bin\CL.exe /c /ZI /nologo /W3 /WX- /Od /Oy- /D _MBCS /Gm /EHsc /RTC1 /MDd /GS /fp:precise /Zc:wchar_t /Zc:forScope /Fo"Debug\\" /Fd"Debug\vc100.pdb" /Gd /TP /analyze- /errorReport:prompt Liedetector.cpp
         Liedetector.cpp
     1>c:\users\nep\documents\visual studio 2010\projects\inc\inc\liedetector.cpp(48): warning C4996: 'scanf': This function or variable may be unsafe. Consider using scanf_s instead. To disable deprecation, use _CRT_SECURE_NO_WARNINGS. See online help for details.
                 c:\program files (x86)\microsoft visual studio 10.0\vc\include\stdio.h(304) : see declaration of 'scanf'
     1>c:\users\nep\documents\visual studio 2010\projects\inc\inc\liedetector.cpp(51): warning C4996: 'scanf': This function or variable may be unsafe. Consider using scanf_s instead. To disable deprecation, use _CRT_SECURE_NO_WARNINGS. See online help for details.
                 c:\program files (x86)\microsoft visual studio 10.0\vc\include\stdio.h(304) : see declaration of 'scanf'
     1>c:\users\nep\documents\visual studio 2010\projects\inc\inc\liedetector.cpp(44): warning C4715: 'checker' : not all control paths return a value
       Link:
         C:\Program Files (x86)\Microsoft Visual Studio 10.0\VC\bin\link.exe /ERRORREPORT:PROMPT /OUT:"C:\Users\NEP\documents\visual studio 2010\Projects\INC\Debug\INC.exe" /NOLOGO kernel32.lib user32.lib gdi32.lib winspool.lib comdlg32.lib advapi32.lib shell32.lib ole32.lib oleaut32.lib uuid.lib odbc32.lib odbccp32.lib /MANIFEST /ManifestFile:"Debug\INC.exe.intermediate.manifest" /MANIFESTUAC:"level='asInvoker' uiAccess='false'" /DEBUG /PDB:"C:\Users\NEP\documents\visual studio 2010\Projects\INC\Debug\INC.pdb" /TLBID:1 /DYNAMICBASE /NXCOMPAT /IMPLIB:"C:\Users\NEP\documents\visual studio 2010\Projects\INC\Debug\INC.lib" /MACHINE:X86 Debug\Liedetector.obj
         Debug\Napoleon.obj
         "Debug\Paper game.obj"
         LINK : C:\Users\NEP\documents\visual studio 2010\Projects\INC\Debug\INC.exe not found or not built by the last incremental link; performing full link
         INC.vcxproj -> C:\Users\NEP\documents\visual studio 2010\Projects\INC\Debug\INC.exe
       Manifest:
         C:\Program Files (x86)\Microsoft SDKs\Windows\v7.0A\bin\mt.exe /nologo /verbose /outputresource:"C:\Users\NEP\documents\visual studio 2010\Projects\INC\Debug\INC.exe;#1" /manifest Debug\INC.exe.intermediate.manifest
       FinalizeBuildStatus:
         Deleting file "Debug\INC.unsuccessfulbuild".
         Touching "Debug\INC.lastbuildstate".
     1>Done Building Project "C:\Users\NEP\documents\visual studio 2010\Projects\INC\INC\INC.vcxproj" (build target(s)).

Build succeeded.

Time Elapsed 00:00:01.47
